<?xml version="1.0" encoding="UTF-8"?>
<!-- Generated by org.testng.reporters.JUnitXMLReporter -->
<testsuite ignored="1" hostname="LAPTOP-ETFT24G3" failures="0" tests="15" name="Test" time="4.059" errors="0" timestamp="2022-05-11T14:04:42 IST">
  <testcase classname="TEST.zerodhaLoginTest" name="@BeforeMethod callurl" time="3.934">
    <failure type="org.openqa.selenium.SessionNotCreatedException" message="Could not start a new session. Response code 500. Message: session not created: This version of ChromeDriver only supports Chrome version 99
Current browser version is 101.0.4951.64 with binary path C:\Program Files\Google\Chrome\Application\chrome.exe
Build info: version: &amp;apos;4.1.2&amp;apos;, revision: &amp;apos;9a5a329c5a&amp;apos;
System info: host: &amp;apos;LAPTOP-ETFT24G3&amp;apos;, ip: &amp;apos;192.168.43.101&amp;apos;, os.name: &amp;apos;Windows 10&amp;apos;, os.arch: &amp;apos;amd64&amp;apos;, os.version: &amp;apos;10.0&amp;apos;, java.version: &amp;apos;17.0.1&amp;apos;
Driver info: org.openqa.selenium.chrome.ChromeDriver
Command: [null, newSession {capabilities=[Capabilities {browserName: chrome, goog:chromeOptions: {args: [], extensions: []}}], desiredCapabilities=Capabilities {browserName: chrome, goog:chromeOptions: {args: [], extensions: []}}}]">
      <![CDATA[org.openqa.selenium.SessionNotCreatedException: Could not start a new session. Response code 500. Message: session not created: This version of ChromeDriver only supports Chrome version 99
Current browser version is 101.0.4951.64 with binary path C:\Program Files\Google\Chrome\Application\chrome.exe
Build info: version: '4.1.2', revision: '9a5a329c5a'
System info: host: 'LAPTOP-ETFT24G3', ip: '192.168.43.101', os.name: 'Windows 10', os.arch: 'amd64', os.version: '10.0', java.version: '17.0.1'
Driver info: org.openqa.selenium.chrome.ChromeDriver
Command: [null, newSession {capabilities=[Capabilities {browserName: chrome, goog:chromeOptions: {args: [], extensions: []}}], desiredCapabilities=Capabilities {browserName: chrome, goog:chromeOptions: {args: [], extensions: []}}}]
at org.openqa.selenium.remote.ProtocolHandshake.createSession(ProtocolHandshake.java:126)
at org.openqa.selenium.remote.ProtocolHandshake.createSession(ProtocolHandshake.java:84)
at org.openqa.selenium.remote.ProtocolHandshake.createSession(ProtocolHandshake.java:62)
at org.openqa.selenium.remote.HttpCommandExecutor.execute(HttpCommandExecutor.java:156)
at org.openqa.selenium.remote.service.DriverCommandExecutor.invokeExecute(DriverCommandExecutor.java:167)
at org.openqa.selenium.remote.service.DriverCommandExecutor.execute(DriverCommandExecutor.java:142)
at org.openqa.selenium.remote.RemoteWebDriver.execute(RemoteWebDriver.java:558)
at org.openqa.selenium.remote.RemoteWebDriver.startSession(RemoteWebDriver.java:245)
at org.openqa.selenium.remote.RemoteWebDriver.<init>(RemoteWebDriver.java:161)
at org.openqa.selenium.chromium.ChromiumDriver.<init>(ChromiumDriver.java:108)
at org.openqa.selenium.chrome.ChromeDriver.<init>(ChromeDriver.java:106)
at org.openqa.selenium.chrome.ChromeDriver.<init>(ChromeDriver.java:93)
at org.openqa.selenium.chrome.ChromeDriver.<init>(ChromeDriver.java:48)
at Utility.Browsercall.openBrowser(Browsercall.java:12)
at TEST.zerodhaLoginTest.callurl(zerodhaLoginTest.java:20)
at java.base/java.util.ArrayList.forEach(ArrayList.java:1511)
... Removed 31 stack frames]]>
    </failure>
  </testcase> <!-- @BeforeMethod callurl -->
  <testcase classname="TEST.zerodhaLoginTest" name="@BeforeMethod callurl" time="-1.652258082622E9">
    <skipped/>
  </testcase> <!-- @BeforeMethod callurl -->
  <testcase classname="TEST.zerodhaLoginTest" name="@BeforeMethod callurl" time="-1.652258082628E9">
    <skipped/>
  </testcase> <!-- @BeforeMethod callurl -->
  <testcase classname="TEST.zerodhaLoginTest" name="@BeforeMethod callurl" time="-1.652258082633E9">
    <skipped/>
  </testcase> <!-- @BeforeMethod callurl -->
  <testcase classname="TEST.zerodhaLoginTest" name="@BeforeMethod callurl" time="-1.652258082637E9">
    <skipped/>
  </testcase> <!-- @BeforeMethod callurl -->
  <testcase classname="TEST.zerodhaLoginTest" name="clearcookies" time="0.0">
    <skipped/>
  </testcase> <!-- clearcookies -->
  <testcase classname="TEST.zerodhaLoginTest" name="clickonForgotpassword" time="0.0">
    <skipped/>
  </testcase> <!-- clickonForgotpassword -->
  <testcase classname="TEST.zerodhaLoginTest" name="clickonNewsingup" time="0.0">
    <skipped/>
  </testcase> <!-- clickonNewsingup -->
  <testcase classname="TEST.zerodhaLoginTest" name="loginwithInvalidData" time="0.0">
    <skipped/>
  </testcase> <!-- loginwithInvalidData -->
  <testcase classname="TEST.zerodhaLoginTest" name="loginwithValidData" time="0.0">
    <skipped/>
  </testcase> <!-- loginwithValidData -->
  <testcase classname="TEST.testNgKeyword" name="testC" time="0.003"/>
  <testcase classname="TEST.testNgKeyword" name="login" time="0.001"/>
  <testcase classname="TEST.testNgKeyword" name="checkA" time="0.001"/>
  <testcase classname="TEST.testNgKeyword" name="checkC" time="0.001"/>
  <testcase classname="TEST.testNgKeyword" name="checkC" time="0.001"/>
  <testcase classname="TEST.testNgKeyword" name="checkC" time="0.001"/>
  <testcase classname="TEST.testNgKeyword" name="homepage" time="0.001"/>
  <testcase classname="TEST.testNgKeyword" name="testB" time="0.001"/>
  <testcase classname="TEST.Demo" name="login" time="0.0"/>
  <testcase classname="TEST.Demo" name="singup" time="0.001"/>
  <testcase classname="TEST.testNgKeyword" name="testA" time="0.0">
    <ignored/>
  </testcase> <!-- testA -->
</testsuite> <!-- Test -->
